0 info it worked if it ends with ok
1 verbose cli [ '/usr/local/bin/node', '/usr/local/bin/npm', 'install', 'fs' ]
2 info using npm@1.2.18
3 info using node@v0.10.4
4 verbose read json /opt/apps/muiltidraw/package.json
5 warn package.json muiltidraw@0.1.0-6 No README.md file found!
6 verbose read json /opt/apps/muiltidraw/node_modules/node-static/package.json
7 verbose read json /opt/apps/muiltidraw/node_modules/socket.io/package.json
8 verbose from cache /opt/apps/muiltidraw/package.json
9 verbose readDependencies using package.json deps
10 verbose cache add [ 'fs', null ]
11 verbose cache add name=undefined spec="fs" args=["fs",null]
12 verbose parsed url { protocol: null,
12 verbose parsed url   slashes: null,
12 verbose parsed url   auth: null,
12 verbose parsed url   host: null,
12 verbose parsed url   port: null,
12 verbose parsed url   hostname: null,
12 verbose parsed url   hash: null,
12 verbose parsed url   search: null,
12 verbose parsed url   query: null,
12 verbose parsed url   pathname: 'fs',
12 verbose parsed url   path: 'fs',
12 verbose parsed url   href: 'fs' }
13 silly lockFile 3f4bb586-fs fs
14 verbose lock fs /root/.npm/3f4bb586-fs.lock
15 silly lockFile 3f4bb586-fs fs
16 silly lockFile 3f4bb586-fs fs
17 verbose addNamed [ 'fs', '' ]
18 verbose addNamed [ null, '' ]
19 silly lockFile a107b96b-fs fs@
20 verbose lock fs@ /root/.npm/a107b96b-fs.lock
21 silly addNameRange { name: 'fs', range: '', hasData: false }
22 verbose url raw fs
23 verbose url resolving [ 'https://registry.npmjs.org/', './fs' ]
24 verbose url resolved https://registry.npmjs.org/fs
25 info trying registry request attempt 1 at 03:19:38
26 http GET https://registry.npmjs.org/fs
27 http 404 https://registry.npmjs.org/fs
28 silly registry.get cb [ 404,
28 silly registry.get   { server: 'CouchDB/1.3.1 (Erlang OTP/R15B03)',
28 silly registry.get     date: 'Fri, 27 Sep 2013 03:17:29 GMT',
28 silly registry.get     'content-type': 'application/json',
28 silly registry.get     'content-length': '52',
28 silly registry.get     'cache-control': 'must-revalidate' } ]
29 silly lockFile a107b96b-fs fs@
30 silly lockFile a107b96b-fs fs@
31 error 404 'fs' is not in the npm registry.
31 error 404 You should bug the author to publish it
31 error 404
31 error 404 Note that you can also install from a
31 error 404 tarball, folder, or http url, or git url.
32 error System Linux 3.9.3-x86_64-linode33
33 error command "/usr/local/bin/node" "/usr/local/bin/npm" "install" "fs"
34 error cwd /opt/apps/muiltidraw
35 error node -v v0.10.4
36 error npm -v 1.2.18
37 error code E404
38 verbose exit [ 1, true ]
